This is pdfTeX, Version 3.14159265-2.6-1.40.16 (TeX Live 2015/Debian) (preloaded format=pdflatex 2017.7.4)  4 JUL 2017 15:27
entering extended mode
 restricted \write18 enabled.
 %&-line parsing enabled.
**Paper.tex
(./Paper.tex
LaTeX2e <2016/02/01>
Babel <3.9q> and hyphenation patterns for 5 language(s) loaded.
(/usr/share/texlive/texmf-dist/tex/latex/amscls/amsart.cls
Document Class: amsart 2015/03/04 v2.20.2
\linespacing=\dimen102
\normalparindent=\dimen103
\normaltopskip=\skip41
(/usr/share/texlive/texmf-dist/tex/latex/amsmath/amsmath.sty
Package: amsmath 2016/03/03 v2.15a AMS math features
\@mathmargin=\skip42

For additional information on amsmath, use the `?' option.
(/usr/share/texlive/texmf-dist/tex/latex/amsmath/amstext.sty
Package: amstext 2000/06/29 v2.01 AMS text

(/usr/share/texlive/texmf-dist/tex/latex/amsmath/amsgen.sty
File: amsgen.sty 1999/11/30 v2.0 generic functions
\@emptytoks=\toks14
\ex@=\dimen104
))
(/usr/share/texlive/texmf-dist/tex/latex/amsmath/amsbsy.sty
Package: amsbsy 1999/11/29 v1.2d Bold Symbols
\pmbraise@=\dimen105
)
(/usr/share/texlive/texmf-dist/tex/latex/amsmath/amsopn.sty
Package: amsopn 1999/12/14 v2.01 operator names
)
\inf@bad=\count79
LaTeX Info: Redefining \frac on input line 199.
\uproot@=\count80
\leftroot@=\count81
LaTeX Info: Redefining \overline on input line 297.
\classnum@=\count82
\DOTSCASE@=\count83
LaTeX Info: Redefining \ldots on input line 394.
LaTeX Info: Redefining \dots on input line 397.
LaTeX Info: Redefining \cdots on input line 518.
\Mathstrutbox@=\box26
\strutbox@=\box27
\big@size=\dimen106
LaTeX Font Info:    Redeclaring font encoding OML on input line 630.
LaTeX Font Info:    Redeclaring font encoding OMS on input line 631.
\macc@depth=\count84
\c@MaxMatrixCols=\count85
\dotsspace@=\muskip10
\c@parentequation=\count86
\dspbrk@lvl=\count87
\tag@help=\toks15
\row@=\count88
\column@=\count89
\maxfields@=\count90
\andhelp@=\toks16
\eqnshift@=\dimen107
\alignsep@=\dimen108
\tagshift@=\dimen109
\tagwidth@=\dimen110
\totwidth@=\dimen111
\lineht@=\dimen112
\@envbody=\toks17
\multlinegap=\skip43
\multlinetaggap=\skip44
\mathdisplay@stack=\toks18
LaTeX Info: Redefining \[ on input line 2735.
LaTeX Info: Redefining \] on input line 2736.
)
LaTeX Font Info:    Try loading font information for U+msa on input line 388.

(/usr/share/texlive/texmf-dist/tex/latex/amsfonts/umsa.fd
File: umsa.fd 2013/01/14 v3.01 AMS symbols A
)
(/usr/share/texlive/texmf-dist/tex/latex/amsfonts/amsfonts.sty
Package: amsfonts 2013/01/14 v3.01 Basic AMSFonts support
\symAMSa=\mathgroup4
\symAMSb=\mathgroup5
LaTeX Font Info:    Overwriting math alphabet `\mathfrak' in version `bold'
(Font)                  U/euf/m/n --> U/euf/b/n on input line 106.
)
\copyins=\insert199
\abstractbox=\box28
\listisep=\skip45
\c@part=\count91
\c@section=\count92
\c@subsection=\count93
\c@subsubsection=\count94
\c@paragraph=\count95
\c@subparagraph=\count96
\c@figure=\count97
\c@table=\count98
\abovecaptionskip=\skip46
\belowcaptionskip=\skip47
\captionindent=\dimen113
\thm@style=\toks19
\thm@bodyfont=\toks20
\thm@headfont=\toks21
\thm@notefont=\toks22
\thm@headpunct=\toks23
\thm@preskip=\skip48
\thm@postskip=\skip49
\thm@headsep=\skip50
\dth@everypar=\toks24
)
(/usr/share/texlive/texmf-dist/tex/latex/url/url.sty
\Urlmuskip=\muskip11
Package: url 2013/09/16  ver 3.4  Verb mode for urls, etc.
) (./cancel.sty
Package: cancel 2013/04/12 v2.2 Cancel math terms
)
(/usr/share/texlive/texmf-dist/tex/latex/tools/xspace.sty
Package: xspace 2014/10/28 v1.13 Space after command names (DPC,MH)
)
(/usr/share/texlive/texmf-dist/tex/latex/graphics/graphicx.sty
Package: graphicx 2014/10/28 v1.0g Enhanced LaTeX Graphics (DPC,SPQR)

(/usr/share/texlive/texmf-dist/tex/latex/graphics/keyval.sty
Package: keyval 2014/10/28 v1.15 key=value parser (DPC)
\KV@toks@=\toks25
)
(/usr/share/texlive/texmf-dist/tex/latex/graphics/graphics.sty
Package: graphics 2016/01/03 v1.0q Standard LaTeX Graphics (DPC,SPQR)

(/usr/share/texlive/texmf-dist/tex/latex/graphics/trig.sty
Package: trig 2016/01/03 v1.10 sin cos tan (DPC)
)
(/usr/share/texlive/texmf-dist/tex/latex/latexconfig/graphics.cfg
File: graphics.cfg 2010/04/23 v1.9 graphics configuration of TeX Live
)
Package graphics Info: Driver file: pdftex.def on input line 95.

(/usr/share/texlive/texmf-dist/tex/latex/pdftex-def/pdftex.def
File: pdftex.def 2011/05/27 v0.06d Graphics/color for pdfTeX

(/usr/share/texlive/texmf-dist/tex/generic/oberdiek/infwarerr.sty
Package: infwarerr 2010/04/08 v1.3 Providing info/warning/error messages (HO)
)
(/usr/share/texlive/texmf-dist/tex/generic/oberdiek/ltxcmds.sty
Package: ltxcmds 2011/11/09 v1.22 LaTeX kernel commands for general use (HO)
)
\Gread@gobject=\count99
))
\Gin@req@height=\dimen114
\Gin@req@width=\dimen115
)
(/usr/share/texlive/texmf-dist/tex/latex/tools/multicol.sty
Package: multicol 2015/08/19 v1.8n multicolumn formatting (FMi)
\c@tracingmulticols=\count100
\mult@box=\box29
\multicol@leftmargin=\dimen116
\c@unbalance=\count101
\c@collectmore=\count102
\doublecol@number=\count103
\multicoltolerance=\count104
\multicolpretolerance=\count105
\full@width=\dimen117
\page@free=\dimen118
\premulticols=\dimen119
\postmulticols=\dimen120
\multicolsep=\skip51
\multicolbaselineskip=\skip52
\partial@page=\box30
\last@line=\box31
\maxbalancingoverflow=\dimen121
\mult@rightbox=\box32
\mult@grightbox=\box33
\mult@gfirstbox=\box34
\mult@firstbox=\box35
\@tempa=\box36
\@tempa=\box37
\@tempa=\box38
\@tempa=\box39
\@tempa=\box40
\@tempa=\box41
\@tempa=\box42
\@tempa=\box43
\@tempa=\box44
\@tempa=\box45
\@tempa=\box46
\@tempa=\box47
\@tempa=\box48
\@tempa=\box49
\@tempa=\box50
\@tempa=\box51
\@tempa=\box52
\c@columnbadness=\count106
\c@finalcolumnbadness=\count107
\last@try=\dimen122
\multicolovershoot=\dimen123
\multicolundershoot=\dimen124
\mult@nat@firstbox=\box53
\colbreak@box=\box54
\mc@col@check@num=\count108
)
(/usr/share/texlive/texmf-dist/tex/latex/subfig/subfig.sty
Package: subfig 2005/06/28 ver: 1.3 subfig package

(/usr/share/texlive/texmf-dist/tex/latex/caption/caption.sty
Package: caption 2016/02/21 v3.3-144 Customizing captions (AR)

(/usr/share/texlive/texmf-dist/tex/latex/caption/caption3.sty
Package: caption3 2016/02/04 v1.7-139 caption3 kernel (AR)
Package caption3 Info: TeX engine: e-TeX on input line 67.
\captionmargin=\dimen125
\captionmargin@=\dimen126
\captionwidth=\dimen127
\caption@tempdima=\dimen128
\caption@indent=\dimen129
\caption@parindent=\dimen130
\caption@hangindent=\dimen131
)
Package caption Info: AMS or SMF document class.
\c@ContinuedFloat=\count109
)
\c@KVtest=\count110
\sf@farskip=\skip53
\sf@captopadj=\dimen132
\sf@capskip=\skip54
\sf@nearskip=\skip55
\c@subfigure=\count111
\c@subfigure@save=\count112
\c@lofdepth=\count113
\c@subtable=\count114
\c@subtable@save=\count115
\c@lotdepth=\count116
\sf@top=\skip56
\sf@bottom=\skip57
)
(/usr/share/texlive/texmf-dist/tex/latex/amsfonts/amssymb.sty
Package: amssymb 2013/01/14 v3.01 AMS font symbols
)
(/usr/share/texlive/texmf-dist/tex/latex/geometry/geometry.sty
Package: geometry 2010/09/12 v5.6 Page Geometry

(/usr/share/texlive/texmf-dist/tex/generic/oberdiek/ifpdf.sty
Package: ifpdf 2011/01/30 v2.3 Provides the ifpdf switch (HO)
Package ifpdf Info: pdfTeX in PDF mode is detected.
)
(/usr/share/texlive/texmf-dist/tex/generic/oberdiek/ifvtex.sty
Package: ifvtex 2010/03/01 v1.5 Detect VTeX and its facilities (HO)
Package ifvtex Info: VTeX not detected.
)
(/usr/share/texlive/texmf-dist/tex/generic/ifxetex/ifxetex.sty
Package: ifxetex 2010/09/12 v0.6 Provides ifxetex conditional
)
\Gm@cnth=\count117
\Gm@cntv=\count118
\c@Gm@tempcnt=\count119
\Gm@bindingoffset=\dimen133
\Gm@wd@mp=\dimen134
\Gm@odd@mp=\dimen135
\Gm@even@mp=\dimen136
\Gm@layoutwidth=\dimen137
\Gm@layoutheight=\dimen138
\Gm@layouthoffset=\dimen139
\Gm@layoutvoffset=\dimen140
\Gm@dimlist=\toks26
)
(/usr/share/texlive/texmf-dist/tex/latex/booktabs/booktabs.sty
Package: booktabs 2005/04/14 v1.61803 publication quality tables
\heavyrulewidth=\dimen141
\lightrulewidth=\dimen142
\cmidrulewidth=\dimen143
\belowrulesep=\dimen144
\belowbottomsep=\dimen145
\aboverulesep=\dimen146
\abovetopsep=\dimen147
\cmidrulesep=\dimen148
\cmidrulekern=\dimen149
\defaultaddspace=\dimen150
\@cmidla=\count120
\@cmidlb=\count121
\@aboverulesep=\dimen151
\@belowrulesep=\dimen152
\@thisruleclass=\count122
\@lastruleclass=\count123
\@thisrulewidth=\dimen153
)
(/usr/share/texlive/texmf-dist/tex/latex/tools/array.sty
Package: array 2014/10/28 v2.4c Tabular extension package (FMi)
\col@sep=\dimen154
\extrarowheight=\dimen155
\NC@list=\toks27
\extratabsurround=\skip58
\backup@length=\skip59
)
(/usr/share/texlive/texmf-dist/tex/latex/tools/verbatim.sty
Package: verbatim 2014/10/28 v1.5q LaTeX2e package for verbatim enhancements
\every@verbatim=\toks28
\verbatim@line=\toks29
\verbatim@in@stream=\read1
)
(/usr/share/texlive/texmf-dist/tex/latex/natbib/natbib.sty
Package: natbib 2010/09/13 8.31b (PWD, AO)
\bibhang=\skip60
\bibsep=\skip61
LaTeX Info: Redefining \cite on input line 694.
\c@NAT@ctr=\count124
)
(/usr/share/texlive/texmf-dist/tex/latex/float/float.sty
Package: float 2001/11/08 v1.3d Float enhancements (AL)
\c@float@type=\count125
\float@exts=\toks30
\float@box=\box55
\@float@everytoks=\toks31
\@floatcapt=\box56
)
(/usr/share/texlive/texmf-dist/tex/latex/oberdiek/pdflscape.sty
Package: pdflscape 2008/08/11 v0.10 Display of landscape pages in PDF (HO)

(/usr/share/texlive/texmf-dist/tex/latex/graphics/lscape.sty
Package: lscape 2000/10/22 v3.01 Landscape Pages (DPC)
)
Package pdflscape Info: Auto-detected driver: pdftex on input line 80.
)
(/usr/share/texlive/texmf-dist/tex/latex/mathtools/mathtools.sty
Package: mathtools 2015/11/12 v1.18 mathematical typesetting tools

(/usr/share/texlive/texmf-dist/tex/latex/tools/calc.sty
Package: calc 2014/10/28 v4.3 Infix arithmetic (KKT,FJ)
\calc@Acount=\count126
\calc@Bcount=\count127
\calc@Adimen=\dimen156
\calc@Bdimen=\dimen157
\calc@Askip=\skip62
\calc@Bskip=\skip63
LaTeX Info: Redefining \setlength on input line 80.
LaTeX Info: Redefining \addtolength on input line 81.
\calc@Ccount=\count128
\calc@Cskip=\skip64
)
(/usr/share/texlive/texmf-dist/tex/latex/mathtools/mhsetup.sty
Package: mhsetup 2010/01/21 v1.2a programming setup (MH)
)
LaTeX Info: Thecontrolsequence`\('isalreadyrobust on input line 129.
LaTeX Info: Thecontrolsequence`\)'isalreadyrobust on input line 129.
LaTeX Info: Thecontrolsequence`\['isalreadyrobust on input line 129.
LaTeX Info: Thecontrolsequence`\]'isalreadyrobust on input line 129.
\g_MT_multlinerow_int=\count129
\l_MT_multwidth_dim=\dimen158
\origjot=\skip65
\l_MT_shortvdotswithinadjustabove_dim=\dimen159
\l_MT_shortvdotswithinadjustbelow_dim=\dimen160
\l_MT_above_intertext_sep=\dimen161
\l_MT_below_intertext_sep=\dimen162
\l_MT_above_shortintertext_sep=\dimen163
\l_MT_below_shortintertext_sep=\dimen164
)
(/usr/share/texlive/texmf-dist/tex/latex/xcolor/xcolor.sty
Package: xcolor 2007/01/21 v2.11 LaTeX color extensions (UK)

(/usr/share/texlive/texmf-dist/tex/latex/latexconfig/color.cfg
File: color.cfg 2007/01/18 v1.5 color configuration of teTeX/TeXLive
)
Package xcolor Info: Package option `usenames' ignored on input line 216.
Package xcolor Info: Driver file: pdftex.def on input line 225.
Package xcolor Info: Model `cmy' substituted by `cmy0' on input line 1337.
Package xcolor Info: Model `hsb' substituted by `rgb' on input line 1341.
Package xcolor Info: Model `RGB' extended on input line 1353.
Package xcolor Info: Model `HTML' substituted by `rgb' on input line 1355.
Package xcolor Info: Model `Hsb' substituted by `hsb' on input line 1356.
Package xcolor Info: Model `tHsb' substituted by `hsb' on input line 1357.
Package xcolor Info: Model `HSB' substituted by `hsb' on input line 1358.
Package xcolor Info: Model `Gray' substituted by `gray' on input line 1359.
Package xcolor Info: Model `wave' substituted by `hsb' on input line 1360.

(/usr/share/texlive/texmf-dist/tex/latex/graphics/dvipsnam.def
File: dvipsnam.def 2015/12/30 v3.0k Driver-dependent file (DPC,SPQR)
))
(/usr/share/texlive/texmf-dist/tex/latex/tools/afterpage.sty
Package: afterpage 2014/10/28 v1.08 After-Page Package (DPC)
\AP@output=\toks32
\AP@partial=\box57
\AP@footins=\box58
)
(/usr/share/texlive/texmf-dist/tex/latex/pgf/frontendlayer/tikz.sty
(/usr/share/texlive/texmf-dist/tex/latex/pgf/basiclayer/pgf.sty
(/usr/share/texlive/texmf-dist/tex/latex/pgf/utilities/pgfrcs.sty
(/usr/share/texlive/texmf-dist/tex/generic/pgf/utilities/pgfutil-common.tex
\pgfutil@everybye=\toks33
\pgfutil@tempdima=\dimen165
\pgfutil@tempdimb=\dimen166

(/usr/share/texlive/texmf-dist/tex/generic/pgf/utilities/pgfutil-common-lists.t
ex)) (/usr/share/texlive/texmf-dist/tex/generic/pgf/utilities/pgfutil-latex.def
\pgfutil@abb=\box59
(/usr/share/texlive/texmf-dist/tex/latex/ms/everyshi.sty
Package: everyshi 2001/05/15 v3.00 EveryShipout Package (MS)
))
(/usr/share/texlive/texmf-dist/tex/generic/pgf/utilities/pgfrcs.code.tex
Package: pgfrcs 2015/08/07 v3.0.1a (rcs-revision 1.31)
))
Package: pgf 2015/08/07 v3.0.1a (rcs-revision 1.15)

(/usr/share/texlive/texmf-dist/tex/latex/pgf/basiclayer/pgfcore.sty
(/usr/share/texlive/texmf-dist/tex/latex/pgf/systemlayer/pgfsys.sty
(/usr/share/texlive/texmf-dist/tex/generic/pgf/systemlayer/pgfsys.code.tex
Package: pgfsys 2014/07/09 v3.0.1a (rcs-revision 1.48)

(/usr/share/texlive/texmf-dist/tex/generic/pgf/utilities/pgfkeys.code.tex
\pgfkeys@pathtoks=\toks34
\pgfkeys@temptoks=\toks35

(/usr/share/texlive/texmf-dist/tex/generic/pgf/utilities/pgfkeysfiltered.code.t
ex
\pgfkeys@tmptoks=\toks36
))
\pgf@x=\dimen167
\pgf@y=\dimen168
\pgf@xa=\dimen169
\pgf@ya=\dimen170
\pgf@xb=\dimen171
\pgf@yb=\dimen172
\pgf@xc=\dimen173
\pgf@yc=\dimen174
\w@pgf@writea=\write3
\r@pgf@reada=\read2
\c@pgf@counta=\count130
\c@pgf@countb=\count131
\c@pgf@countc=\count132
\c@pgf@countd=\count133
\t@pgf@toka=\toks37
\t@pgf@tokb=\toks38
\t@pgf@tokc=\toks39
 (/usr/share/texlive/texmf-dist/tex/generic/pgf/systemlayer/pgf.cfg
File: pgf.cfg 2008/05/14  (rcs-revision 1.7)
)
Driver file for pgf: pgfsys-pdftex.def

(/usr/share/texlive/texmf-dist/tex/generic/pgf/systemlayer/pgfsys-pdftex.def
File: pgfsys-pdftex.def 2014/10/11  (rcs-revision 1.35)

(/usr/share/texlive/texmf-dist/tex/generic/pgf/systemlayer/pgfsys-common-pdf.de
f
File: pgfsys-common-pdf.def 2013/10/10  (rcs-revision 1.13)
)))
(/usr/share/texlive/texmf-dist/tex/generic/pgf/systemlayer/pgfsyssoftpath.code.
tex
File: pgfsyssoftpath.code.tex 2013/09/09  (rcs-revision 1.9)
\pgfsyssoftpath@smallbuffer@items=\count134
\pgfsyssoftpath@bigbuffer@items=\count135
)
(/usr/share/texlive/texmf-dist/tex/generic/pgf/systemlayer/pgfsysprotocol.code.
tex
File: pgfsysprotocol.code.tex 2006/10/16  (rcs-revision 1.4)
))
(/usr/share/texlive/texmf-dist/tex/generic/pgf/basiclayer/pgfcore.code.tex
Package: pgfcore 2010/04/11 v3.0.1a (rcs-revision 1.7)

(/usr/share/texlive/texmf-dist/tex/generic/pgf/math/pgfmath.code.tex
(/usr/share/texlive/texmf-dist/tex/generic/pgf/math/pgfmathcalc.code.tex
(/usr/share/texlive/texmf-dist/tex/generic/pgf/math/pgfmathutil.code.tex)
(/usr/share/texlive/texmf-dist/tex/generic/pgf/math/pgfmathparser.code.tex
\pgfmath@dimen=\dimen175
\pgfmath@count=\count136
\pgfmath@box=\box60
\pgfmath@toks=\toks40
\pgfmath@stack@operand=\toks41
\pgfmath@stack@operation=\toks42
)
(/usr/share/texlive/texmf-dist/tex/generic/pgf/math/pgfmathfunctions.code.tex
(/usr/share/texlive/texmf-dist/tex/generic/pgf/math/pgfmathfunctions.basic.code
.tex)
(/usr/share/texlive/texmf-dist/tex/generic/pgf/math/pgfmathfunctions.trigonomet
ric.code.tex)
(/usr/share/texlive/texmf-dist/tex/generic/pgf/math/pgfmathfunctions.random.cod
e.tex)
(/usr/share/texlive/texmf-dist/tex/generic/pgf/math/pgfmathfunctions.comparison
.code.tex)
(/usr/share/texlive/texmf-dist/tex/generic/pgf/math/pgfmathfunctions.base.code.
tex)
(/usr/share/texlive/texmf-dist/tex/generic/pgf/math/pgfmathfunctions.round.code
.tex)
(/usr/share/texlive/texmf-dist/tex/generic/pgf/math/pgfmathfunctions.misc.code.
tex)
(/usr/share/texlive/texmf-dist/tex/generic/pgf/math/pgfmathfunctions.integerari
thmetics.code.tex)))
(/usr/share/texlive/texmf-dist/tex/generic/pgf/math/pgfmathfloat.code.tex
\c@pgfmathroundto@lastzeros=\count137
))
(/usr/share/texlive/texmf-dist/tex/generic/pgf/basiclayer/pgfcorepoints.code.te
x
File: pgfcorepoints.code.tex 2013/10/07  (rcs-revision 1.27)
\pgf@picminx=\dimen176
\pgf@picmaxx=\dimen177
\pgf@picminy=\dimen178
\pgf@picmaxy=\dimen179
\pgf@pathminx=\dimen180
\pgf@pathmaxx=\dimen181
\pgf@pathminy=\dimen182
\pgf@pathmaxy=\dimen183
\pgf@xx=\dimen184
\pgf@xy=\dimen185
\pgf@yx=\dimen186
\pgf@yy=\dimen187
\pgf@zx=\dimen188
\pgf@zy=\dimen189
)
(/usr/share/texlive/texmf-dist/tex/generic/pgf/basiclayer/pgfcorepathconstruct.
code.tex
File: pgfcorepathconstruct.code.tex 2013/10/07  (rcs-revision 1.29)
\pgf@path@lastx=\dimen190
\pgf@path@lasty=\dimen191
)
(/usr/share/texlive/texmf-dist/tex/generic/pgf/basiclayer/pgfcorepathusage.code
.tex
File: pgfcorepathusage.code.tex 2014/11/02  (rcs-revision 1.24)
\pgf@shorten@end@additional=\dimen192
\pgf@shorten@start@additional=\dimen193
)
(/usr/share/texlive/texmf-dist/tex/generic/pgf/basiclayer/pgfcorescopes.code.te
x
File: pgfcorescopes.code.tex 2015/05/08  (rcs-revision 1.46)
\pgfpic=\box61
\pgf@hbox=\box62
\pgf@layerbox@main=\box63
\pgf@picture@serial@count=\count138
)
(/usr/share/texlive/texmf-dist/tex/generic/pgf/basiclayer/pgfcoregraphicstate.c
ode.tex
File: pgfcoregraphicstate.code.tex 2014/11/02  (rcs-revision 1.12)
\pgflinewidth=\dimen194
)
(/usr/share/texlive/texmf-dist/tex/generic/pgf/basiclayer/pgfcoretransformation
s.code.tex
File: pgfcoretransformations.code.tex 2015/08/07  (rcs-revision 1.20)
\pgf@pt@x=\dimen195
\pgf@pt@y=\dimen196
\pgf@pt@temp=\dimen197
)
(/usr/share/texlive/texmf-dist/tex/generic/pgf/basiclayer/pgfcorequick.code.tex
File: pgfcorequick.code.tex 2008/10/09  (rcs-revision 1.3)
)
(/usr/share/texlive/texmf-dist/tex/generic/pgf/basiclayer/pgfcoreobjects.code.t
ex
File: pgfcoreobjects.code.tex 2006/10/11  (rcs-revision 1.2)
)
(/usr/share/texlive/texmf-dist/tex/generic/pgf/basiclayer/pgfcorepathprocessing
.code.tex
File: pgfcorepathprocessing.code.tex 2013/09/09  (rcs-revision 1.9)
)
(/usr/share/texlive/texmf-dist/tex/generic/pgf/basiclayer/pgfcorearrows.code.te
x
File: pgfcorearrows.code.tex 2015/05/14  (rcs-revision 1.43)
\pgfarrowsep=\dimen198
)
(/usr/share/texlive/texmf-dist/tex/generic/pgf/basiclayer/pgfcoreshade.code.tex
File: pgfcoreshade.code.tex 2013/07/15  (rcs-revision 1.15)
\pgf@max=\dimen256
\pgf@sys@shading@range@num=\count139
)
(/usr/share/texlive/texmf-dist/tex/generic/pgf/basiclayer/pgfcoreimage.code.tex
File: pgfcoreimage.code.tex 2013/07/15  (rcs-revision 1.18)

(/usr/share/texlive/texmf-dist/tex/generic/pgf/basiclayer/pgfcoreexternal.code.
tex
File: pgfcoreexternal.code.tex 2014/07/09  (rcs-revision 1.21)
\pgfexternal@startupbox=\box64
))
(/usr/share/texlive/texmf-dist/tex/generic/pgf/basiclayer/pgfcorelayers.code.te
x
File: pgfcorelayers.code.tex 2013/07/18  (rcs-revision 1.7)
)
(/usr/share/texlive/texmf-dist/tex/generic/pgf/basiclayer/pgfcoretransparency.c
ode.tex
File: pgfcoretransparency.code.tex 2013/09/30  (rcs-revision 1.5)
)
(/usr/share/texlive/texmf-dist/tex/generic/pgf/basiclayer/pgfcorepatterns.code.
tex
File: pgfcorepatterns.code.tex 2013/11/07  (rcs-revision 1.5)
)))
(/usr/share/texlive/texmf-dist/tex/generic/pgf/modules/pgfmoduleshapes.code.tex
File: pgfmoduleshapes.code.tex 2014/03/21  (rcs-revision 1.35)
\pgfnodeparttextbox=\box65
) (/usr/share/texlive/texmf-dist/tex/generic/pgf/modules/pgfmoduleplot.code.tex
File: pgfmoduleplot.code.tex 2015/08/03  (rcs-revision 1.13)
)
(/usr/share/texlive/texmf-dist/tex/latex/pgf/compatibility/pgfcomp-version-0-65
.sty
Package: pgfcomp-version-0-65 2007/07/03 v3.0.1a (rcs-revision 1.7)
\pgf@nodesepstart=\dimen257
\pgf@nodesepend=\dimen258
)
(/usr/share/texlive/texmf-dist/tex/latex/pgf/compatibility/pgfcomp-version-1-18
.sty
Package: pgfcomp-version-1-18 2007/07/23 v3.0.1a (rcs-revision 1.1)
)) (/usr/share/texlive/texmf-dist/tex/latex/pgf/utilities/pgffor.sty
(/usr/share/texlive/texmf-dist/tex/latex/pgf/utilities/pgfkeys.sty
(/usr/share/texlive/texmf-dist/tex/generic/pgf/utilities/pgfkeys.code.tex))
(/usr/share/texlive/texmf-dist/tex/latex/pgf/math/pgfmath.sty
(/usr/share/texlive/texmf-dist/tex/generic/pgf/math/pgfmath.code.tex))
(/usr/share/texlive/texmf-dist/tex/generic/pgf/utilities/pgffor.code.tex
Package: pgffor 2013/12/13 v3.0.1a (rcs-revision 1.25)

(/usr/share/texlive/texmf-dist/tex/generic/pgf/math/pgfmath.code.tex)
\pgffor@iter=\dimen259
\pgffor@skip=\dimen260
\pgffor@stack=\toks43
\pgffor@toks=\toks44
))
(/usr/share/texlive/texmf-dist/tex/generic/pgf/frontendlayer/tikz/tikz.code.tex
Package: tikz 2015/08/07 v3.0.1a (rcs-revision 1.151)

(/usr/share/texlive/texmf-dist/tex/generic/pgf/libraries/pgflibraryplothandlers
.code.tex
File: pgflibraryplothandlers.code.tex 2013/08/31 v3.0.1a (rcs-revision 1.20)
\pgf@plot@mark@count=\count140
\pgfplotmarksize=\dimen261
)
\tikz@lastx=\dimen262
\tikz@lasty=\dimen263
\tikz@lastxsaved=\dimen264
\tikz@lastysaved=\dimen265
\tikzleveldistance=\dimen266
\tikzsiblingdistance=\dimen267
\tikz@figbox=\box66
\tikz@figbox@bg=\box67
\tikz@tempbox=\box68
\tikz@tempbox@bg=\box69
\tikztreelevel=\count141
\tikznumberofchildren=\count142
\tikznumberofcurrentchild=\count143
\tikz@fig@count=\count144

(/usr/share/texlive/texmf-dist/tex/generic/pgf/modules/pgfmodulematrix.code.tex
File: pgfmodulematrix.code.tex 2013/09/17  (rcs-revision 1.8)
\pgfmatrixcurrentrow=\count145
\pgfmatrixcurrentcolumn=\count146
\pgf@matrix@numberofcolumns=\count147
)
\tikz@expandcount=\count148

(/usr/share/texlive/texmf-dist/tex/generic/pgf/frontendlayer/tikz/libraries/tik
zlibrarytopaths.code.tex
File: tikzlibrarytopaths.code.tex 2008/06/17 v3.0.1a (rcs-revision 1.2)
))) (./Version.tex)

LaTeX Warning: Unused global option(s):
    [18pt].

(.build//Paper.aux)
\openout1 = `Paper.aux'.

LaTeX Font Info:    Checking defaults for OML/cmm/m/it on input line 47.
LaTeX Font Info:    ... okay on input line 47.
LaTeX Font Info:    Checking defaults for T1/cmr/m/n on input line 47.
LaTeX Font Info:    ... okay on input line 47.
LaTeX Font Info:    Checking defaults for OT1/cmr/m/n on input line 47.
LaTeX Font Info:    ... okay on input line 47.
LaTeX Font Info:    Checking defaults for OMS/cmsy/m/n on input line 47.
LaTeX Font Info:    ... okay on input line 47.
LaTeX Font Info:    Checking defaults for OMX/cmex/m/n on input line 47.
LaTeX Font Info:    ... okay on input line 47.
LaTeX Font Info:    Checking defaults for U/cmr/m/n on input line 47.
LaTeX Font Info:    ... okay on input line 47.
LaTeX Font Info:    Try loading font information for U+msa on input line 47.
 (/usr/share/texlive/texmf-dist/tex/latex/amsfonts/umsa.fd
File: umsa.fd 2013/01/14 v3.01 AMS symbols A
)
LaTeX Font Info:    Try loading font information for U+msb on input line 47.

(/usr/share/texlive/texmf-dist/tex/latex/amsfonts/umsb.fd
File: umsb.fd 2013/01/14 v3.01 AMS symbols B
)
(/usr/share/texlive/texmf-dist/tex/context/base/supp-pdf.mkii
[Loading MPS to PDF converter (version 2006.09.02).]
\scratchcounter=\count149
\scratchdimen=\dimen268
\scratchbox=\box70
\nofMPsegments=\count150
\nofMParguments=\count151
\everyMPshowfont=\toks45
\MPscratchCnt=\count152
\MPscratchDim=\dimen269
\MPnumerator=\count153
\makeMPintoPDFobject=\count154
\everyMPtoPDFconversion=\toks46
) (/usr/share/texlive/texmf-dist/tex/generic/oberdiek/pdftexcmds.sty
Package: pdftexcmds 2011/11/29 v0.20 Utility functions of pdfTeX for LuaTeX (HO
)

(/usr/share/texlive/texmf-dist/tex/generic/oberdiek/ifluatex.sty
Package: ifluatex 2010/03/01 v1.3 Provides the ifluatex switch (HO)
Package ifluatex Info: LuaTeX not detected.
)
Package pdftexcmds Info: LuaTeX not detected.
Package pdftexcmds Info: \pdf@primitive is available.
Package pdftexcmds Info: \pdf@ifprimitive is available.
Package pdftexcmds Info: \pdfdraftmode found.
)
(/usr/share/texlive/texmf-dist/tex/latex/oberdiek/epstopdf-base.sty
Package: epstopdf-base 2010/02/09 v2.5 Base part for package epstopdf

(/usr/share/texlive/texmf-dist/tex/latex/oberdiek/grfext.sty
Package: grfext 2010/08/19 v1.1 Manage graphics extensions (HO)

(/usr/share/texlive/texmf-dist/tex/generic/oberdiek/kvdefinekeys.sty
Package: kvdefinekeys 2011/04/07 v1.3 Define keys (HO)
))
(/usr/share/texlive/texmf-dist/tex/latex/oberdiek/kvoptions.sty
Package: kvoptions 2011/06/30 v3.11 Key value format for package options (HO)

(/usr/share/texlive/texmf-dist/tex/generic/oberdiek/kvsetkeys.sty
Package: kvsetkeys 2012/04/25 v1.16 Key value parser (HO)

(/usr/share/texlive/texmf-dist/tex/generic/oberdiek/etexcmds.sty
Package: etexcmds 2011/02/16 v1.5 Avoid name clashes with e-TeX commands (HO)
Package etexcmds Info: Could not find \expanded.
(etexcmds)             That can mean that you are not using pdfTeX 1.50 or
(etexcmds)             that some package has redefined \expanded.
(etexcmds)             In the latter case, load this package earlier.
)))
Package grfext Info: Graphics extension search list:
(grfext)             [.png,.pdf,.jpg,.mps,.jpeg,.jbig2,.jb2,.PNG,.PDF,.JPG,.JPE
G,.JBIG2,.JB2,.eps]
(grfext)             \AppendGraphicsExtensions on input line 452.

(/usr/share/texlive/texmf-dist/tex/latex/latexconfig/epstopdf-sys.cfg
File: epstopdf-sys.cfg 2010/07/13 v1.3 Configuration of (r)epstopdf for TeX Liv
e
))
Package caption Info: Begin \AtBeginDocument code.
Package caption Info: subfig package v1.3 is loaded.
Package caption Info: float package is loaded.
Package caption Info: End \AtBeginDocument code.

*geometry* driver: auto-detecting
*geometry* detected driver: pdftex
*geometry* verbose mode - [ preamble ] result:
* driver: pdftex
* paper: a4paper
* layout: <same size as paper>
* layoutoffset:(h,v)=(0.0pt,0.0pt)
* modes: includehead includefoot twoside 
* h-part:(L,W,R)=(45.52441pt, 483.69684pt, 68.28662pt)
* v-part:(T,H,B)=(51.21495pt, 731.23584pt, 62.59605pt)
* \paperwidth=597.50787pt
* \paperheight=845.04684pt
* \textwidth=483.69684pt
* \textheight=697.23584pt
* \oddsidemargin=-26.74557pt
* \evensidemargin=-3.98337pt
* \topmargin=-21.05504pt
* \headheight=8.0pt
* \headsep=14.0pt
* \topskip=10.0pt
* \footskip=12.0pt
* \marginparwidth=90.0pt
* \marginparsep=11.0pt
* \columnsep=10.0pt
* \skip\footins=7.0pt plus 11.0pt
* \hoffset=0.0pt
* \voffset=0.0pt
* \mag=1000
* \@twocolumnfalse
* \@twosidetrue
* \@mparswitchtrue
* \@reversemarginfalse
* (1in=72.27pt=25.4mm, 1cm=28.453pt)

ABD: EveryShipout initializing macros [1{/var/lib/texmf/fonts/map/pdftex/updmap
/pdftex.map}] [2]
Overfull \hbox (7.40938pt too wide) has occurred while \output is active
 \OT1/cmr/m/n/7 ETHEREUM: A SECURE DECENTRALISED GENERALISED TRANSACTION LEDGER
 \OT1/cmr/bx/n/6 EIP-150 REVISION (751958a - 2017-07-04) []
 []

[3] [4]
Overfull \hbox (7.40938pt too wide) has occurred while \output is active
 \OT1/cmr/m/n/7 ETHEREUM: A SECURE DECENTRALISED GENERALISED TRANSACTION LEDGER
 \OT1/cmr/bx/n/6 EIP-150 REVISION (751958a - 2017-07-04) []
 []

[5] [6]
Overfull \hbox (7.40938pt too wide) has occurred while \output is active
 \OT1/cmr/m/n/7 ETHEREUM: A SECURE DECENTRALISED GENERALISED TRANSACTION LEDGER
 \OT1/cmr/bx/n/6 EIP-150 REVISION (751958a - 2017-07-04) []
 []

[7] [8]

LaTeX Font Warning: Command \small invalid in math mode on input line 328.


Overfull \hbox (7.40938pt too wide) has occurred while \output is active
 \OT1/cmr/m/n/7 ETHEREUM: A SECURE DECENTRALISED GENERALISED TRANSACTION LEDGER
 \OT1/cmr/bx/n/6 EIP-150 REVISION (751958a - 2017-07-04) []
 []

[9]

LaTeX Font Warning: Command \tiny invalid in math mode on input line 357.


LaTeX Font Warning: Command \small invalid in math mode on input line 367.


LaTeX Font Warning: Command \small invalid in math mode on input line 368.


LaTeX Font Warning: Command \small invalid in math mode on input line 368.


LaTeX Font Warning: Command \small invalid in math mode on input line 369.


LaTeX Font Warning: Command \small invalid in math mode on input line 370.


LaTeX Font Warning: Command \small invalid in math mode on input line 377.


LaTeX Font Warning: Command \small invalid in math mode on input line 377.


LaTeX Font Warning: Command \small invalid in math mode on input line 382.

[10]

LaTeX Font Warning: Command \tiny invalid in math mode on input line 424.


LaTeX Font Warning: Command \tiny invalid in math mode on input line 424.


Overfull \hbox (7.40938pt too wide) has occurred while \output is active
 \OT1/cmr/m/n/7 ETHEREUM: A SECURE DECENTRALISED GENERALISED TRANSACTION LEDGER
 \OT1/cmr/bx/n/6 EIP-150 REVISION (751958a - 2017-07-04) []
 []

[11]
Underfull \vbox (badness 10000) has occurred while \output is active []

 [12]
Overfull \hbox (7.40938pt too wide) has occurred while \output is active
 \OT1/cmr/m/n/7 ETHEREUM: A SECURE DECENTRALISED GENERALISED TRANSACTION LEDGER
 \OT1/cmr/bx/n/6 EIP-150 REVISION (751958a - 2017-07-04) []
 []

[13] [14]
Overfull \hbox (7.40938pt too wide) has occurred while \output is active
 \OT1/cmr/m/n/7 ETHEREUM: A SECURE DECENTRALISED GENERALISED TRANSACTION LEDGER
 \OT1/cmr/bx/n/6 EIP-150 REVISION (751958a - 2017-07-04) []
 []

[15]

LaTeX Font Warning: Command \tiny invalid in math mode on input line 636.


LaTeX Font Warning: Command \tiny invalid in math mode on input line 636.

[16]

LaTeX Font Warning: Command \tiny invalid in math mode on input line 639.


LaTeX Font Warning: Command \tiny invalid in math mode on input line 639.


LaTeX Font Warning: Command \tiny invalid in math mode on input line 646.


LaTeX Font Warning: Command \tiny invalid in math mode on input line 646.


Overfull \hbox (7.40938pt too wide) has occurred while \output is active
 \OT1/cmr/m/n/7 ETHEREUM: A SECURE DECENTRALISED GENERALISED TRANSACTION LEDGER
 \OT1/cmr/bx/n/6 EIP-150 REVISION (751958a - 2017-07-04) []
 []

[17] [18]

LaTeX Font Warning: Command \tiny invalid in math mode on input line 738.


LaTeX Font Warning: Command \tiny invalid in math mode on input line 738.


LaTeX Font Warning: Command \tiny invalid in math mode on input line 767.


Overfull \hbox (7.40938pt too wide) has occurred while \output is active
 \OT1/cmr/m/n/7 ETHEREUM: A SECURE DECENTRALISED GENERALISED TRANSACTION LEDGER
 \OT1/cmr/bx/n/6 EIP-150 REVISION (751958a - 2017-07-04) []
 []

[19]

LaTeX Font Warning: Command \tiny invalid in math mode on input line 770.

[20]
Overfull \hbox (7.40938pt too wide) has occurred while \output is active
 \OT1/cmr/m/n/7 ETHEREUM: A SECURE DECENTRALISED GENERALISED TRANSACTION LEDGER
 \OT1/cmr/bx/n/6 EIP-150 REVISION (751958a - 2017-07-04) []
 []

[21] [22]
Overfull \hbox (7.40938pt too wide) has occurred while \output is active
 \OT1/cmr/m/n/7 ETHEREUM: A SECURE DECENTRALISED GENERALISED TRANSACTION LEDGER
 \OT1/cmr/bx/n/6 EIP-150 REVISION (751958a - 2017-07-04) []
 []

[23] [24]
Overfull \hbox (7.40938pt too wide) has occurred while \output is active
 \OT1/cmr/m/n/7 ETHEREUM: A SECURE DECENTRALISED GENERALISED TRANSACTION LEDGER
 \OT1/cmr/bx/n/6 EIP-150 REVISION (751958a - 2017-07-04) []
 []

[25]

LaTeX Font Warning: Command \small invalid in math mode on input line 1035.


LaTeX Font Warning: Command \small invalid in math mode on input line 1039.

[26]
Overfull \hbox (7.40938pt too wide) has occurred while \output is active
 \OT1/cmr/m/n/7 ETHEREUM: A SECURE DECENTRALISED GENERALISED TRANSACTION LEDGER
 \OT1/cmr/bx/n/6 EIP-150 REVISION (751958a - 2017-07-04) []
 []

[27] [28]
Overfull \hbox (7.40938pt too wide) has occurred while \output is active
 \OT1/cmr/m/n/7 ETHEREUM: A SECURE DECENTRALISED GENERALISED TRANSACTION LEDGER
 \OT1/cmr/bx/n/6 EIP-150 REVISION (751958a - 2017-07-04) []
 []

[29] (./Paper.bbl [30]
Missing character: There is no â in font cmr10!
Missing character: There is no € in font cmr10!
Missing character: There is no “ in font cmr10!
Missing character: There is no â in font cmr10!
Missing character: There is no € in font cmr10!
Missing character: There is no “ in font cmr10!
Missing character: There is no Ã in font cmr10!
Missing character: There is no ¼ in font cmr10!
)
Overfull \hbox (7.40938pt too wide) has occurred while \output is active
 \OT1/cmr/m/n/7 ETHEREUM: A SECURE DECENTRALISED GENERALISED TRANSACTION LEDGER
 \OT1/cmr/bx/n/6 EIP-150 REVISION (751958a - 2017-07-04) []
 []

[31]

LaTeX Font Warning: Command \tiny invalid in math mode on input line 1202.


LaTeX Font Warning: Command \tiny invalid in math mode on input line 1204.

[32]

LaTeX Font Warning: Command \tiny invalid in math mode on input line 1220.


LaTeX Font Warning: Command \tiny invalid in math mode on input line 1220.


LaTeX Font Warning: Command \tiny invalid in math mode on input line 1222.


LaTeX Font Warning: Command \tiny invalid in math mode on input line 1226.


LaTeX Font Warning: Command \tiny invalid in math mode on input line 1239.


LaTeX Font Warning: Command \tiny invalid in math mode on input line 1239.


LaTeX Font Warning: Command \tiny invalid in math mode on input line 1241.


LaTeX Font Warning: Command \tiny invalid in math mode on input line 1241.


LaTeX Font Warning: Command \tiny invalid in math mode on input line 1246.


LaTeX Font Warning: Command \tiny invalid in math mode on input line 1246.


LaTeX Font Warning: Command \tiny invalid in math mode on input line 1246.


Overfull \hbox (7.40938pt too wide) has occurred while \output is active
 \OT1/cmr/m/n/7 ETHEREUM: A SECURE DECENTRALISED GENERALISED TRANSACTION LEDGER
 \OT1/cmr/bx/n/6 EIP-150 REVISION (751958a - 2017-07-04) []
 []

[33]

LaTeX Font Warning: Command \tiny invalid in math mode on input line 1256.


LaTeX Font Warning: Command \tiny invalid in math mode on input line 1259.

LaTeX Font Info:    Try loading font information for U+euf on input line 1273.
(/usr/share/texlive/texmf-dist/tex/latex/amsfonts/ueuf.fd
File: ueuf.fd 2013/01/14 v3.01 Euler Fraktur
) [34]
Overfull \hbox (41.79474pt too wide) detected at line 1327
\OML/cmm/m/it/10 c\OT1/cmr/m/n/10 (\U/euf/m/n/10 I\OML/cmm/m/it/10 ; i\OT1/cmr/
m/n/10 ) \OMS/cmsy/m/n/10 ^^Q []
 []


Underfull \vbox (badness 1502) has occurred while \output is active []


Overfull \hbox (7.40938pt too wide) has occurred while \output is active
 \OT1/cmr/m/n/7 ETHEREUM: A SECURE DECENTRALISED GENERALISED TRANSACTION LEDGER
 \OT1/cmr/bx/n/6 EIP-150 REVISION (751958a - 2017-07-04) []
 []

[35]

LaTeX Font Warning: Command \tiny invalid in math mode on input line 1345.


LaTeX Font Warning: Command \tiny invalid in math mode on input line 1349.


LaTeX Font Warning: Command \tiny invalid in math mode on input line 1352.


LaTeX Font Warning: Command \tiny invalid in math mode on input line 1352.


Underfull \vbox (badness 10000) has occurred while \output is active []

 [36]

LaTeX Font Warning: Command \tiny invalid in math mode on input line 1365.


LaTeX Font Warning: Command \tiny invalid in math mode on input line 1369.


LaTeX Font Warning: Command \small invalid in math mode on input line 1374.


LaTeX Font Warning: Command \small invalid in math mode on input line 1375.


Overfull \hbox (7.40938pt too wide) has occurred while \output is active
 \OT1/cmr/m/n/7 ETHEREUM: A SECURE DECENTRALISED GENERALISED TRANSACTION LEDGER
 \OT1/cmr/bx/n/6 EIP-150 REVISION (751958a - 2017-07-04) []
 []

[37]

LaTeX Font Warning: Command \tiny invalid in math mode on input line 1390.


LaTeX Font Warning: Command \small invalid in math mode on input line 1392.


LaTeX Font Warning: Command \small invalid in math mode on input line 1392.


LaTeX Font Warning: Command \small invalid in math mode on input line 1392.


LaTeX Font Warning: Command \small invalid in math mode on input line 1394.


LaTeX Font Warning: Command \small invalid in math mode on input line 1395.


LaTeX Font Warning: Command \small invalid in math mode on input line 1396.


LaTeX Font Warning: Command \tiny invalid in math mode on input line 1408.


LaTeX Font Warning: Command \tiny invalid in math mode on input line 1408.


LaTeX Font Warning: Command \tiny invalid in math mode on input line 1408.


LaTeX Font Warning: Command \tiny invalid in math mode on input line 1408.


LaTeX Font Warning: Command \tiny invalid in math mode on input line 1413.


LaTeX Font Warning: Command \tiny invalid in math mode on input line 1413.


LaTeX Font Warning: Command \tiny invalid in math mode on input line 1417.


LaTeX Font Warning: Command \small invalid in math mode on input line 1417.


LaTeX Font Warning: Command \small invalid in math mode on input line 1426.

[38]

LaTeX Font Warning: Command \small invalid in math mode on input line 1432.


LaTeX Font Warning: Command \tiny invalid in math mode on input line 1437.


LaTeX Font Warning: Command \small invalid in math mode on input line 1437.


Overfull \hbox (77.61407pt too wide) in alignment at lines 1449--1491
[][][] 
 []


Overfull \hbox (12.0pt too wide) in paragraph at lines 1449--1492
[][] 
 []


Underfull \vbox (badness 10000) has occurred while \output is active []


Overfull \hbox (7.40938pt too wide) has occurred while \output is active
 \OT1/cmr/m/n/7 ETHEREUM: A SECURE DECENTRALISED GENERALISED TRANSACTION LEDGER
 \OT1/cmr/bx/n/6 EIP-150 REVISION (751958a - 2017-07-04) []
 []

[39]
Underfull \vbox (badness 10000) has occurred while \output is active []

 [40]
Overfull \hbox (79.82584pt too wide) detected at line 1531
\OML/cmm/m/it/10 C\OT1/cmr/m/n/10 ([]\OML/cmm/m/it/10 ; []; I\OT1/cmr/m/n/10 ) 
\OMS/cmsy/m/n/10 ^^Q \OML/cmm/m/it/10 C[]\OT1/cmr/m/n/10 ([][]) \OMS/cmsy/m/n/1
0 ^^@ \OML/cmm/m/it/10 C[]\OT1/cmr/m/n/10 ([][]) + []
 []


Overfull \hbox (7.40938pt too wide) has occurred while \output is active
 \OT1/cmr/m/n/7 ETHEREUM: A SECURE DECENTRALISED GENERALISED TRANSACTION LEDGER
 \OT1/cmr/bx/n/6 EIP-150 REVISION (751958a - 2017-07-04) []
 []

[41]
LaTeX Font Info:    Try loading font information for OMS+cmr on input line 1545
.
 (/usr/share/texlive/texmf-dist/tex/latex/base/omscmr.fd
File: omscmr.fd 2014/09/29 v2.5h Standard LaTeX font definitions
)
LaTeX Font Info:    Font shape `OMS/cmr/m/n' in size <10> not available
(Font)              Font shape `OMS/cmsy/m/n' tried instead on input line 1545.

 [42]
Overfull \hbox (28.17204pt too wide) in alignment at lines 1589--1634
[][][][][] 
 []


Overfull \hbox (12.0pt too wide) in paragraph at lines 1589--1635
[][] 
 []


Underfull \vbox (badness 10000) has occurred while \output is active []


Overfull \hbox (7.40938pt too wide) has occurred while \output is active
 \OT1/cmr/m/n/7 ETHEREUM: A SECURE DECENTRALISED GENERALISED TRANSACTION LEDGER
 \OT1/cmr/bx/n/6 EIP-150 REVISION (751958a - 2017-07-04) []
 []

[43]
Overfull \vbox (146.5903pt too high) has occurred while \output is active []


[44]
Overfull \hbox (62.99452pt too wide) in alignment at lines 1636--1676
[][][][][] 
 []


Overfull \hbox (12.0pt too wide) in paragraph at lines 1636--1677
[][] 
 []


Overfull \vbox (47.69165pt too high) has occurred while \output is active []


Overfull \hbox (7.40938pt too wide) has occurred while \output is active
 \OT1/cmr/m/n/7 ETHEREUM: A SECURE DECENTRALISED GENERALISED TRANSACTION LEDGER
 \OT1/cmr/bx/n/6 EIP-150 REVISION (751958a - 2017-07-04) []
 []

[45]

LaTeX Font Warning: Command \tiny invalid in math mode on input line 1683.


Underfull \hbox (badness 10000) in alignment at lines 1678--1686
[][][][][] 
 []


Overfull \hbox (12.0pt too wide) in paragraph at lines 1678--1687
[][] 
 []


Overfull \hbox (67.37466pt too wide) in alignment at lines 1688--1748
[][][][][] 
 []


Overfull \hbox (12.0pt too wide) in paragraph at lines 1688--1749
[][] 
 []


Underfull \vbox (badness 10000) has occurred while \output is active []

 [46]
Overfull \vbox (231.93378pt too high) has occurred while \output is active []


Overfull \hbox (7.40938pt too wide) has occurred while \output is active
 \OT1/cmr/m/n/7 ETHEREUM: A SECURE DECENTRALISED GENERALISED TRANSACTION LEDGER
 \OT1/cmr/bx/n/6 EIP-150 REVISION (751958a - 2017-07-04) []
 []

[47]
Overfull \hbox (72.57066pt too wide) in alignment at lines 1750--1778
[][][][][] 
 []


Overfull \hbox (12.0pt too wide) in paragraph at lines 1750--1779
[][] 
 []


Underfull \hbox (badness 10000) in alignment at lines 1780--1837
[][][][][] 
 []


Overfull \hbox (12.0pt too wide) in paragraph at lines 1780--1838
[][] 
 []


Underfull \vbox (badness 10000) has occurred while \output is active []

 [48]
Overfull \vbox (111.71313pt too high) has occurred while \output is active []


Overfull \hbox (7.40938pt too wide) has occurred while \output is active
 \OT1/cmr/m/n/7 ETHEREUM: A SECURE DECENTRALISED GENERALISED TRANSACTION LEDGER
 \OT1/cmr/bx/n/6 EIP-150 REVISION (751958a - 2017-07-04) []
 []

[49]
Overfull \hbox (1.79414pt too wide) in alignment at lines 1839--1862
[][][][][] 
 []


Overfull \hbox (12.0pt too wide) in paragraph at lines 1839--1863
[][] 
 []


Underfull \hbox (badness 10000) in alignment at lines 1864--1879
[][][][][] 
 []


Overfull \hbox (12.0pt too wide) in paragraph at lines 1864--1880
[][] 
 []


Underfull \hbox (badness 10000) in alignment at lines 1881--1899
[][][][][] 
 []


Overfull \hbox (12.0pt too wide) in paragraph at lines 1881--1900
[][] 
 []


Underfull \vbox (badness 10000) has occurred while \output is active []

 [50]
Overfull \hbox (11.72073pt too wide) in alignment at lines 1901--1921
[][][][][] 
 []


Overfull \hbox (12.0pt too wide) in paragraph at lines 1901--1922
[][] 
 []


Overfull \hbox (50.98785pt too wide) in alignment at lines 1923--1987
[][][][][] 
 []


Overfull \hbox (12.0pt too wide) in paragraph at lines 1923--1988
[][] 
 []


Underfull \vbox (badness 10000) has occurred while \output is active []


Overfull \hbox (7.40938pt too wide) has occurred while \output is active
 \OT1/cmr/m/n/7 ETHEREUM: A SECURE DECENTRALISED GENERALISED TRANSACTION LEDGER
 \OT1/cmr/bx/n/6 EIP-150 REVISION (751958a - 2017-07-04) []
 []

[51]
Overfull \vbox (393.02397pt too high) has occurred while \output is active []


[52]
Overfull \hbox (49.81438pt too wide) in alignment at lines 1989--2018
[][][][][] 
 []


Overfull \hbox (12.0pt too wide) in paragraph at lines 1989--2019
[][] 
 []


LaTeX Font Warning: Command \tiny invalid in math mode on input line 2027.


LaTeX Font Warning: Command \tiny invalid in math mode on input line 2027.


LaTeX Font Warning: Command \tiny invalid in math mode on input line 2027.


LaTeX Font Warning: Command \tiny invalid in math mode on input line 2030.


LaTeX Font Warning: Command \tiny invalid in math mode on input line 2030.


LaTeX Font Warning: Command \tiny invalid in math mode on input line 2030.


Overfull \hbox (7.40938pt too wide) has occurred while \output is active
 \OT1/cmr/m/n/7 ETHEREUM: A SECURE DECENTRALISED GENERALISED TRANSACTION LEDGER
 \OT1/cmr/bx/n/6 EIP-150 REVISION (751958a - 2017-07-04) []
 []

[53]
Underfull \hbox (badness 10000) in alignment at lines 2038--2054
[][][] 
 []


Overfull \hbox (12.0pt too wide) in paragraph at lines 2038--2055
[][] 
 []

[54]
Overfull \hbox (7.40938pt too wide) has occurred while \output is active
 \OT1/cmr/m/n/7 ETHEREUM: A SECURE DECENTRALISED GENERALISED TRANSACTION LEDGER
 \OT1/cmr/bx/n/6 EIP-150 REVISION (751958a - 2017-07-04) []
 []

[55]

LaTeX Font Warning: Command \small invalid in math mode on input line 2161.


LaTeX Font Warning: Command \small invalid in math mode on input line 2161.


LaTeX Font Warning: Command \small invalid in math mode on input line 2161.


LaTeX Font Warning: Command \small invalid in math mode on input line 2161.


LaTeX Font Warning: Command \small invalid in math mode on input line 2161.


LaTeX Font Warning: Command \small invalid in math mode on input line 2161.


Overfull \hbox (31.32257pt too wide) detected at line 2162
[]\OT1/cmr/m/n/10 (\OML/cmm/m/it/10 H[]; H[]; \OT1/cmr/bx/n/10 d\OT1/cmr/m/n/10
 ) = \OMS/cmsy/m/n/10 f\OT1/cmr/bx/n/10 m[]\OT1/cmr/m/n/10 ([]([](\OML/cmm/m/it
/10 L[]\OT1/cmr/m/n/10 (\OML/cmm/m/it/10 H[]\OT1/cmr/m/n/10 )))\OML/cmm/m/it/10
 ; H[]; \OT1/cmr/bx/n/10 d\OT1/cmr/m/n/10 )\OML/cmm/m/it/10 ; []\OT1/cmr/m/n/10
 (\OT1/cmr/bx/n/10 s[]\OT1/cmr/m/n/10 ([]([](\OML/cmm/m/it/10 L[]\OT1/cmr/m/n/1
0 (\OML/cmm/m/it/10 H[]\OT1/cmr/m/n/10 )))\OML/cmm/m/it/10 ; H[]\OT1/cmr/m/n/10
 ) + \OT1/cmr/bx/n/10 m[]\OT1/cmr/m/n/10 ([]([](\OML/cmm/m/it/10 L[]\OT1/cmr/m/
n/10 (\OML/cmm/m/it/10 H[]\OT1/cmr/m/n/10 )))\OML/cmm/m/it/10 ; H[]; \OT1/cmr/b
x/n/10 d\OT1/cmr/m/n/10 ))\OMS/cmsy/m/n/10 g
 []


Overfull \hbox (22.64748pt too wide) detected at line 2197
\OML/cmm/m/it/10 E[]\OT1/cmr/m/n/10 (\OT1/cmr/bx/n/10 d\OML/cmm/m/it/10 ; \OT1/
cmr/bx/n/10 m\OML/cmm/m/it/10 ; \OT1/cmr/bx/n/10 s\OML/cmm/m/it/10 ; i\OT1/cmr/
m/n/10 )[\OML/cmm/m/it/10 j\OT1/cmr/m/n/10 ] = \OT1/cmr/bx/n/10 d\OT1/cmr/m/n/1
0 [\OML/cmm/m/it/10 E[]\OT1/cmr/m/n/10 (\OML/cmm/m/it/10 i \OMS/cmsy/m/n/10 ^^H
 \OT1/cmr/bx/n/10 s\OT1/cmr/m/n/10 [0]\OML/cmm/m/it/10 ; \OT1/cmr/bx/n/10 m\OT1
/cmr/m/n/10 [\OML/cmm/m/it/10 i[]   []\OT1/cmr/m/n/10 ])[]   [] \OMS/cmsy/m/n/1
0 ^^A \OML/cmm/m/it/10 n[] \OT1/cmr/m/n/10 + \OML/cmm/m/it/10 j\OT1/cmr/m/n/10 
] \OMS/cmsy/m/n/10 8 \OML/cmm/m/it/10 j < n[]
 []

[56]
Overfull \hbox (11.02055pt too wide) detected at line 2204
\OML/cmm/m/it/10 E[]\OT1/cmr/m/n/10 (\OT1/cmr/bx/n/10 m\OML/cmm/m/it/10 ; i\OT1
/cmr/m/n/10 ) = []
 []


Overfull \hbox (7.40938pt too wide) has occurred while \output is active
 \OT1/cmr/m/n/7 ETHEREUM: A SECURE DECENTRALISED GENERALISED TRANSACTION LEDGER
 \OT1/cmr/bx/n/6 EIP-150 REVISION (751958a - 2017-07-04) []
 []

[57] (.build//Paper.aux) ) 
Here is how much of TeX's memory you used:
 15969 strings out of 494910
 299436 string characters out of 6179837
 374367 words of memory out of 5000000
 18762 multiletter control sequences out of 15000+600000
 17157 words of font info for 67 fonts, out of 8000000 for 9000
 197 hyphenation exceptions out of 8191
 55i,23n,54p,1026b,544s stack positions out of 5000i,500n,10000p,200000b,80000s
</usr/share/texlive/texmf-dist/fonts/type1/public/ams
fonts/cm/cmbx10.pfb></usr/share/texlive/texmf-dist/fonts/type1/public/amsfonts/
cm/cmbx5.pfb></usr/share/texlive/texmf-dist/fonts/type1/public/amsfonts/cm/cmbx
6.pfb></usr/share/texlive/texmf-dist/fonts/type1/public/amsfonts/cm/cmbx7.pfb><
/usr/share/texlive/texmf-dist/fonts/type1/public/amsfonts/cm/cmbx9.pfb></usr/sh
are/texlive/texmf-dist/fonts/type1/public/amsfonts/cm/cmcsc10.pfb></usr/share/t
exlive/texmf-dist/fonts/type1/public/amsfonts/cm/cmex10.pfb></usr/share/texlive
/texmf-dist/fonts/type1/public/amsfonts/cm/cmmi10.pfb></usr/share/texlive/texmf
-dist/fonts/type1/public/amsfonts/cm/cmmi5.pfb></usr/share/texlive/texmf-dist/f
onts/type1/public/amsfonts/cm/cmmi6.pfb></usr/share/texlive/texmf-dist/fonts/ty
pe1/public/amsfonts/cm/cmmi7.pfb></usr/share/texlive/texmf-dist/fonts/type1/pub
lic/amsfonts/cm/cmmi9.pfb></usr/share/texlive/texmf-dist/fonts/type1/public/ams
fonts/cm/cmmib10.pfb></usr/share/texlive/texmf-dist/fonts/type1/public/amsfonts
/cmextra/cmmib7.pfb></usr/share/texlive/texmf-dist/fonts/type1/public/amsfonts/
cm/cmr10.pfb></usr/share/texlive/texmf-dist/fonts/type1/public/amsfonts/cm/cmr6
.pfb></usr/share/texlive/texmf-dist/fonts/type1/public/amsfonts/cm/cmr7.pfb></u
sr/share/texlive/texmf-dist/fonts/type1/public/amsfonts/cm/cmr8.pfb></usr/share
/texlive/texmf-dist/fonts/type1/public/amsfonts/cm/cmr9.pfb></usr/share/texlive
/texmf-dist/fonts/type1/public/amsfonts/cm/cmsy10.pfb></usr/share/texlive/texmf
-dist/fonts/type1/public/amsfonts/cm/cmsy7.pfb></usr/share/texlive/texmf-dist/f
onts/type1/public/amsfonts/cm/cmti10.pfb></usr/share/texlive/texmf-dist/fonts/t
ype1/public/amsfonts/cm/cmti8.pfb></usr/share/texlive/texmf-dist/fonts/type1/pu
blic/amsfonts/cm/cmtt10.pfb></usr/share/texlive/texmf-dist/fonts/type1/public/a
msfonts/cm/cmtt8.pfb></usr/share/texlive/texmf-dist/fonts/type1/public/amsfonts
/cm/cmtt9.pfb></usr/share/texlive/texmf-dist/fonts/type1/public/amsfonts/euler/
eufm10.pfb></usr/share/texlive/texmf-dist/fonts/type1/public/amsfonts/euler/euf
m7.pfb></usr/share/texlive/texmf-dist/fonts/type1/public/amsfonts/symbols/msam1
0.pfb></usr/share/texlive/texmf-dist/fonts/type1/public/amsfonts/symbols/msbm10
.pfb>
Output written on .build//Paper.pdf (57 pages, 520228 bytes).
PDF statistics:
 313 PDF objects out of 1000 (max. 8388607)
 221 compressed objects within 3 object streams
 0 named destinations out of 1000 (max. 500000)
 13 words of extra memory for PDF output out of 10000 (max. 10000000)

